# JRE version: Java(TM) SE Runtime Environment (8.0_144-b01) (build 1.8.0_144-b01)
# Java VM: Java HotSpot(TM) 64-Bit Server VM (25.144-b01 mixed mode windows-amd64 compressed oops)
Heap:
 PSYoungGen      total 616448K, used 607994K [0x000000076b600000, 0x00000007ac500000, 0x00000007c0000000)
  eden space 379904K, 99% used [0x000000076b600000,0x00000007828ffff8,0x0000000782900000)
  from space 236544K, 96% used [0x0000000782900000,0x00000007907be968,0x0000000791000000)
  to   space 275968K, 0% used [0x000000079b780000,0x000000079b780000,0x00000007ac500000)
 ParOldGen       total 2061824K, used 2061745K [0x00000006c2200000, 0x000000073ff80000, 0x000000076b600000)
  object space 2061824K, 99% used [0x00000006c2200000,0x000000073ff6c500,0x000000073ff80000)
 Metaspace       used 9272K, capacity 9504K, committed 9984K, reserved 1058816K
  class space    used 1070K, capacity 1133K, committed 1280K, reserved 1048576K
GC Heap History (10 events):
Event: 151.506 GC heap after
Heap after GC invocations=386 (full 373):
 PSYoungGen      total 616448K, used 607994K [0x000000076b600000, 0x00000007ac500000, 0x00000007c0000000)
  eden space 379904K, 100% used [0x000000076b600000,0x0000000782900000,0x0000000782900000)
  from space 236544K, 96% used [0x0000000782900000,0x00000007907be968,0x0000000791000000)
  to   space 275968K, 0% used [0x000000079b780000,0x000000079b780000,0x00000007ac500000)
 ParOldGen       total 2061312K, used 2061143K [0x00000006c2200000, 0x000000073ff00000, 0x000000076b600000)
  object space 2061312K, 99% used [0x00000006c2200000,0x000000073fed5d08,0x000000073ff00000)
 Metaspace       used 9272K, capacity 9504K, committed 9984K, reserved 1058816K
  class space    used 1070K, capacity 1133K, committed 1280K, reserved 1048576K
}
Event: 151.506 GC heap before
{Heap before GC invocations=387 (full 374):
 PSYoungGen      total 616448K, used 607994K [0x000000076b600000, 0x00000007ac500000, 0x00000007c0000000)
  eden space 379904K, 100% used [0x000000076b600000,0x0000000782900000,0x0000000782900000)
  from space 236544K, 96% used [0x0000000782900000,0x00000007907be968,0x0000000791000000)
  to   space 275968K, 0% used [0x000000079b780000,0x000000079b780000,0x00000007ac500000)
 ParOldGen       total 2061824K, used 2061346K [0x00000006c2200000, 0x000000073ff80000, 0x000000076b600000)
  object space 2061824K, 99% used [0x00000006c2200000,0x000000073ff08990,0x000000073ff80000)
 Metaspace       used 9272K, capacity 9504K, committed 9984K, reserved 1058816K
  class space    used 1070K, capacity 1133K, committed 1280K, reserved 1048576K
Event: 151.522 GC heap after
Heap after GC invocations=387 (full 374):
 PSYoungGen      total 616448K, used 607994K [0x000000076b600000, 0x00000007ac500000, 0x00000007c0000000)
  eden space 379904K, 100% used [0x000000076b600000,0x0000000782900000,0x0000000782900000)
  from space 236544K, 96% used [0x0000000782900000,0x00000007907be968,0x0000000791000000)
  to   space 275968K, 0% used [0x000000079b780000,0x000000079b780000,0x00000007ac500000)
 ParOldGen       total 2061824K, used 2061343K [0x00000006c2200000, 0x000000073ff80000, 0x000000076b600000)
  object space 2061824K, 99% used [0x00000006c2200000,0x000000073ff07ff8,0x000000073ff80000)
 Metaspace       used 9272K, capacity 9504K, committed 9984K, reserved 1058816K
  class space    used 1070K, capacity 1133K, committed 1280K, reserved 1048576K
}
Event: 151.522 GC heap before
{Heap before GC invocations=388 (full 375):
 PSYoungGen      total 616448K, used 607994K [0x000000076b600000, 0x00000007ac500000, 0x00000007c0000000)
  eden space 379904K, 100% used [0x000000076b600000,0x0000000782900000,0x0000000782900000)
  from space 236544K, 96% used [0x0000000782900000,0x00000007907be968,0x0000000791000000)
  to   space 275968K, 0% used [0x000000079b780000,0x000000079b780000,0x00000007ac500000)
 ParOldGen       total 2061824K, used 2061547K [0x00000006c2200000, 0x000000073ff80000, 0x000000076b600000)
  object space 2061824K, 99% used [0x00000006c2200000,0x000000073ff3ae40,0x000000073ff80000)
 Metaspace       used 9272K, capacity 9504K, committed 9984K, reserved 1058816K
  class space    used 1070K, capacity 1133K, committed 1280K, reserved 1048576K
Event: 151.540 GC heap after
Heap after GC invocations=388 (full 375):
 PSYoungGen      total 616448K, used 607994K [0x000000076b600000, 0x00000007ac500000, 0x00000007c0000000)
  eden space 379904K, 100% used [0x000000076b600000,0x0000000782900000,0x0000000782900000)
  from space 236544K, 96% used [0x0000000782900000,0x00000007907be968,0x0000000791000000)
  to   space 275968K, 0% used [0x000000079b780000,0x000000079b780000,0x00000007ac500000)
 ParOldGen       total 2061824K, used 2061541K [0x00000006c2200000, 0x000000073ff80000, 0x000000076b600000)
  object space 2061824K, 99% used [0x00000006c2200000,0x000000073ff39430,0x000000073ff80000)
 Metaspace       used 9272K, capacity 9504K, committed 9984K, reserved 1058816K
  class space    used 1070K, capacity 1133K, committed 1280K, reserved 1048576K
}
Event: 151.541 GC heap before
{Heap before GC invocations=389 (full 376):
 PSYoungGen      total 616448K, used 607994K [0x000000076b600000, 0x00000007ac500000, 0x00000007c0000000)
  eden space 379904K, 100% used [0x000000076b600000,0x0000000782900000,0x0000000782900000)
  from space 236544K, 96% used [0x0000000782900000,0x00000007907be968,0x0000000791000000)
  to   space 275968K, 0% used [0x000000079b780000,0x000000079b780000,0x00000007ac500000)
 ParOldGen       total 2061824K, used 2061546K [0x00000006c2200000, 0x000000073ff80000, 0x000000076b600000)
  object space 2061824K, 99% used [0x00000006c2200000,0x000000073ff3abb0,0x000000073ff80000)
 Metaspace       used 9272K, capacity 9504K, committed 9984K, reserved 1058816K
  class space    used 1070K, capacity 1133K, committed 1280K, reserved 1048576K
Event: 151.556 GC heap after
Heap after GC invocations=389 (full 376):
 PSYoungGen      total 616448K, used 607993K [0x000000076b600000, 0x00000007ac500000, 0x00000007c0000000)
  eden space 379904K, 99% used [0x000000076b600000,0x00000007828ffe20,0x0000000782900000)
  from space 236544K, 96% used [0x0000000782900000,0x00000007907be968,0x0000000791000000)
  to   space 275968K, 0% used [0x000000079b780000,0x000000079b780000,0x00000007ac500000)
 ParOldGen       total 2061824K, used 2061543K [0x00000006c2200000, 0x000000073ff80000, 0x000000076b600000)
  object space 2061824K, 99% used [0x00000006c2200000,0x000000073ff39dd0,0x000000073ff80000)
 Metaspace       used 9272K, capacity 9504K, committed 9984K, reserved 1058816K
  class space    used 1070K, capacity 1133K, committed 1280K, reserved 1048576K
}
Event: 151.556 GC heap before
{Heap before GC invocations=390 (full 377):
 PSYoungGen      total 616448K, used 607994K [0x000000076b600000, 0x00000007ac500000, 0x00000007c0000000)
  eden space 379904K, 100% used [0x000000076b600000,0x0000000782900000,0x0000000782900000)
  from space 236544K, 96% used [0x0000000782900000,0x00000007907be968,0x0000000791000000)
  to   space 275968K, 0% used [0x000000079b780000,0x000000079b780000,0x00000007ac500000)
 ParOldGen       total 2061824K, used 2061543K [0x00000006c2200000, 0x000000073ff80000, 0x000000076b600000)
  object space 2061824K, 99% used [0x00000006c2200000,0x000000073ff39dd0,0x000000073ff80000)
 Metaspace       used 9272K, capacity 9504K, committed 9984K, reserved 1058816K
  class space    used 1070K, capacity 1133K, committed 1280K, reserved 1048576K
Event: 151.571 GC heap after
Heap after GC invocations=390 (full 377):
 PSYoungGen      total 616448K, used 607994K [0x000000076b600000, 0x00000007ac500000, 0x00000007c0000000)
  eden space 379904K, 99% used [0x000000076b600000,0x00000007828fffd8,0x0000000782900000)
  from space 236544K, 96% used [0x0000000782900000,0x00000007907be968,0x0000000791000000)
  to   space 275968K, 0% used [0x000000079b780000,0x000000079b780000,0x00000007ac500000)
 ParOldGen       total 2061824K, used 2061543K [0x00000006c2200000, 0x000000073ff80000, 0x000000076b600000)
  object space 2061824K, 99% used [0x00000006c2200000,0x000000073ff39dd0,0x000000073ff80000)
 Metaspace       used 9272K, capacity 9504K, committed 9984K, reserved 1058816K
  class space    used 1070K, capacity 1133K, committed 1280K, reserved 1048576K
}
Event: 151.571 GC heap before
{Heap before GC invocations=391 (full 378):
 PSYoungGen      total 616448K, used 607994K [0x000000076b600000, 0x00000007ac500000, 0x00000007c0000000)
  eden space 379904K, 99% used [0x000000076b600000,0x00000007828ffff8,0x0000000782900000)
  from space 236544K, 96% used [0x0000000782900000,0x00000007907be968,0x0000000791000000)
  to   space 275968K, 0% used [0x000000079b780000,0x000000079b780000,0x00000007ac500000)
 ParOldGen       total 2061824K, used 2061745K [0x00000006c2200000, 0x000000073ff80000, 0x000000076b600000)
  object space 2061824K, 99% used [0x00000006c2200000,0x000000073ff6c500,0x000000073ff80000)
 Metaspace       used 9272K, capacity 9504K, committed 9984K, reserved 1058816K
  class space    used 1070K, capacity 1133K, committed 1280K, reserved 1048576K

